# JRE version: Java(TM) SE Runtime Environment (8.0_101-b13) (build 1.8.0_101-b13)
# Java VM: Java HotSpot(TM) 64-Bit Server VM (25.101-b13 mixed mode windows-amd64 compressed oops)
Heap:
 PSYoungGen      total 458240K, used 185694K [0x00000000e0000000, 0x00000000ffe80000, 0x0000000100000000)
  eden space 422400K, 39% used [0x00000000e0000000,0x00000000ea2fc970,0x00000000f9c80000)
  from space 35840K, 52% used [0x00000000f9c80000,0x00000000faedb000,0x00000000fbf80000)
  to   space 34304K, 0% used [0x00000000fdd00000,0x00000000fdd00000,0x00000000ffe80000)
 ParOldGen       total 144384K, used 61742K [0x00000000a0000000, 0x00000000a8d00000, 0x00000000e0000000)
  object space 144384K, 42% used [0x00000000a0000000,0x00000000a3c4b910,0x00000000a8d00000)
 Metaspace       used 90401K, capacity 94382K, committed 94464K, reserved 1130496K
  class space    used 11644K, capacity 12485K, committed 12544K, reserved 1048576K
GC Heap History (10 events):
Event: 544.238 GC heap before
{Heap before GC invocations=22 (full 3):
 PSYoungGen      total 346112K, used 334561K [0x00000000e0000000, 0x00000000f7d80000, 0x0000000100000000)
  eden space 305664K, 100% used [0x00000000e0000000,0x00000000f2a80000,0x00000000f2a80000)
  from space 40448K, 71% used [0x00000000f5380000,0x00000000f6fb84c8,0x00000000f7b00000)
  to   space 41984K, 0% used [0x00000000f2a80000,0x00000000f2a80000,0x00000000f5380000)
 ParOldGen       total 144384K, used 59640K [0x00000000a0000000, 0x00000000a8d00000, 0x00000000e0000000)
  object space 144384K, 41% used [0x00000000a0000000,0x00000000a3a3e1e0,0x00000000a8d00000)
 Metaspace       used 89097K, capacity 92986K, committed 93056K, reserved 1130496K
  class space    used 11557K, capacity 12371K, committed 12416K, reserved 1048576K
Event: 544.323 GC heap after
Heap after GC invocations=22 (full 3):
 PSYoungGen      total 347648K, used 22550K [0x00000000e0000000, 0x00000000fa880000, 0x0000000100000000)
  eden space 305664K, 0% used [0x00000000e0000000,0x00000000e0000000,0x00000000f2a80000)
  from space 41984K, 53% used [0x00000000f2a80000,0x00000000f4085ba0,0x00000000f5380000)
  to   space 40960K, 0% used [0x00000000f8080000,0x00000000f8080000,0x00000000fa880000)
 ParOldGen       total 144384K, used 59648K [0x00000000a0000000, 0x00000000a8d00000, 0x00000000e0000000)
  object space 144384K, 41% used [0x00000000a0000000,0x00000000a3a401e0,0x00000000a8d00000)
 Metaspace       used 89097K, capacity 92986K, committed 93056K, reserved 1130496K
  class space    used 11557K, capacity 12371K, committed 12416K, reserved 1048576K
}
Event: 549.467 GC heap before
{Heap before GC invocations=23 (full 3):
 PSYoungGen      total 347648K, used 328214K [0x00000000e0000000, 0x00000000fa880000, 0x0000000100000000)
  eden space 305664K, 100% used [0x00000000e0000000,0x00000000f2a80000,0x00000000f2a80000)
  from space 41984K, 53% used [0x00000000f2a80000,0x00000000f4085ba0,0x00000000f5380000)
  to   space 40960K, 0% used [0x00000000f8080000,0x00000000f8080000,0x00000000fa880000)
 ParOldGen       total 144384K, used 59648K [0x00000000a0000000, 0x00000000a8d00000, 0x00000000e0000000)
  object space 144384K, 41% used [0x00000000a0000000,0x00000000a3a401e0,0x00000000a8d00000)
 Metaspace       used 89214K, capacity 93074K, committed 93312K, reserved 1130496K
  class space    used 11557K, capacity 12371K, committed 12416K, reserved 1048576K
Event: 549.636 GC heap after
Heap after GC invocations=23 (full 3):
 PSYoungGen      total 395776K, used 20617K [0x00000000e0000000, 0x00000000fb000000, 0x0000000100000000)
  eden space 354816K, 0% used [0x00000000e0000000,0x00000000e0000000,0x00000000f5a80000)
  from space 40960K, 50% used [0x00000000f8080000,0x00000000f94a2410,0x00000000fa880000)
  to   space 38912K, 0% used [0x00000000f5a80000,0x00000000f5a80000,0x00000000f8080000)
 ParOldGen       total 144384K, used 59672K [0x00000000a0000000, 0x00000000a8d00000, 0x00000000e0000000)
  object space 144384K, 41% used [0x00000000a0000000,0x00000000a3a461e0,0x00000000a8d00000)
 Metaspace       used 89214K, capacity 93074K, committed 93312K, reserved 1130496K
  class space    used 11557K, capacity 12371K, committed 12416K, reserved 1048576K
}
Event: 559.254 GC heap before
{Heap before GC invocations=24 (full 3):
 PSYoungGen      total 395776K, used 375433K [0x00000000e0000000, 0x00000000fb000000, 0x0000000100000000)
  eden space 354816K, 100% used [0x00000000e0000000,0x00000000f5a80000,0x00000000f5a80000)
  from space 40960K, 50% used [0x00000000f8080000,0x00000000f94a2410,0x00000000fa880000)
  to   space 38912K, 0% used [0x00000000f5a80000,0x00000000f5a80000,0x00000000f8080000)
 ParOldGen       total 144384K, used 59672K [0x00000000a0000000, 0x00000000a8d00000, 0x00000000e0000000)
  object space 144384K, 41% used [0x00000000a0000000,0x00000000a3a461e0,0x00000000a8d00000)
 Metaspace       used 89382K, capacity 93266K, committed 93312K, reserved 1130496K
  class space    used 11557K, capacity 12371K, committed 12416K, reserved 1048576K
Event: 559.405 GC heap after
Heap after GC invocations=24 (full 3):
 PSYoungGen      total 393728K, used 19930K [0x00000000e0000000, 0x00000000fe500000, 0x0000000100000000)
  eden space 354816K, 0% used [0x00000000e0000000,0x00000000e0000000,0x00000000f5a80000)
  from space 38912K, 51% used [0x00000000f5a80000,0x00000000f6df6b38,0x00000000f8080000)
  to   space 36864K, 0% used [0x00000000fc100000,0x00000000fc100000,0x00000000fe500000)
 ParOldGen       total 144384K, used 61726K [0x00000000a0000000, 0x00000000a8d00000, 0x00000000e0000000)
  object space 144384K, 42% used [0x00000000a0000000,0x00000000a3c47910,0x00000000a8d00000)
 Metaspace       used 89382K, capacity 93266K, committed 93312K, reserved 1130496K
  class space    used 11557K, capacity 12371K, committed 12416K, reserved 1048576K
}
Event: 565.590 GC heap before
{Heap before GC invocations=25 (full 3):
 PSYoungGen      total 393728K, used 374746K [0x00000000e0000000, 0x00000000fe500000, 0x0000000100000000)
  eden space 354816K, 100% used [0x00000000e0000000,0x00000000f5a80000,0x00000000f5a80000)
  from space 38912K, 51% used [0x00000000f5a80000,0x00000000f6df6b38,0x00000000f8080000)
  to   space 36864K, 0% used [0x00000000fc100000,0x00000000fc100000,0x00000000fe500000)
 ParOldGen       total 144384K, used 61726K [0x00000000a0000000, 0x00000000a8d00000, 0x00000000e0000000)
  object space 144384K, 42% used [0x00000000a0000000,0x00000000a3c47910,0x00000000a8d00000)
 Metaspace       used 89448K, capacity 93338K, committed 93568K, reserved 1130496K
  class space    used 11558K, capacity 12373K, committed 12416K, reserved 1048576K
Event: 565.688 GC heap after
Heap after GC invocations=25 (full 3):
 PSYoungGen      total 456704K, used 17926K [0x00000000e0000000, 0x00000000fe280000, 0x0000000100000000)
  eden space 422400K, 0% used [0x00000000e0000000,0x00000000e0000000,0x00000000f9c80000)
  from space 34304K, 52% used [0x00000000fc100000,0x00000000fd2819e0,0x00000000fe280000)
  to   space 35840K, 0% used [0x00000000f9c80000,0x00000000f9c80000,0x00000000fbf80000)
 ParOldGen       total 144384K, used 61734K [0x00000000a0000000, 0x00000000a8d00000, 0x00000000e0000000)
  object space 144384K, 42% used [0x00000000a0000000,0x00000000a3c49910,0x00000000a8d00000)
 Metaspace       used 89448K, capacity 93338K, committed 93568K, reserved 1130496K
  class space    used 11558K, capacity 12373K, committed 12416K, reserved 1048576K
}
Event: 575.894 GC heap before
{Heap before GC invocations=26 (full 3):
 PSYoungGen      total 456704K, used 440326K [0x00000000e0000000, 0x00000000fe280000, 0x0000000100000000)
  eden space 422400K, 100% used [0x00000000e0000000,0x00000000f9c80000,0x00000000f9c80000)
  from space 34304K, 52% used [0x00000000fc100000,0x00000000fd2819e0,0x00000000fe280000)
  to   space 35840K, 0% used [0x00000000f9c80000,0x00000000f9c80000,0x00000000fbf80000)
 ParOldGen       total 144384K, used 61734K [0x00000000a0000000, 0x00000000a8d00000, 0x00000000e0000000)
  object space 144384K, 42% used [0x00000000a0000000,0x00000000a3c49910,0x00000000a8d00000)
 Metaspace       used 89658K, capacity 93496K, committed 93568K, reserved 1130496K
  class space    used 11568K, capacity 12378K, committed 12416K, reserved 1048576K
Event: 576.047 GC heap after
Heap after GC invocations=26 (full 3):
 PSYoungGen      total 458240K, used 18796K [0x00000000e0000000, 0x00000000ffe80000, 0x0000000100000000)
  eden space 422400K, 0% used [0x00000000e0000000,0x00000000e0000000,0x00000000f9c80000)
  from space 35840K, 52% used [0x00000000f9c80000,0x00000000faedb000,0x00000000fbf80000)
  to   space 34304K, 0% used [0x00000000fdd00000,0x00000000fdd00000,0x00000000ffe80000)
 ParOldGen       total 144384K, used 61742K [0x00000000a0000000, 0x00000000a8d00000, 0x00000000e0000000)
  object space 144384K, 42% used [0x00000000a0000000,0x00000000a3c4b910,0x00000000a8d00000)
 Metaspace       used 89658K, capacity 93496K, committed 93568K, reserved 1130496K
  class space    used 11568K, capacity 12378K, committed 12416K, reserved 1048576K
}

